  main.cpp
C:\Users\Shishamo\source\repos\夢現超激坂\main.cpp(98,19): warning C4244: '+=': 'double' から 'int' への変換です。データが失われる可能性があります。
C:\Users\Shishamo\source\repos\夢現超激坂\main.cpp(99,19): warning C4244: '-=': 'double' から 'int' への変換です。データが失われる可能性があります。
C:\Users\Shishamo\source\repos\夢現超激坂\main.cpp(102,19): warning C4244: '-=': 'double' から 'int' への変換です。データが失われる可能性があります。
C:\Users\Shishamo\source\repos\夢現超激坂\main.cpp(103,19): warning C4244: '-=': 'double' から 'int' への変換です。データが失われる可能性があります。
C:\Users\Shishamo\source\repos\夢現超激坂\main.cpp(106,19): warning C4244: '+=': 'double' から 'int' への変換です。データが失われる可能性があります。
C:\Users\Shishamo\source\repos\夢現超激坂\main.cpp(107,19): warning C4244: '+=': 'double' から 'int' への変換です。データが失われる可能性があります。
C:\Users\Shishamo\source\repos\夢現超激坂\main.cpp(110,19): warning C4244: '-=': 'double' から 'int' への変換です。データが失われる可能性があります。
C:\Users\Shishamo\source\repos\夢現超激坂\main.cpp(111,19): warning C4244: '+=': 'double' から 'int' への変換です。データが失われる可能性があります。
C:\Users\Shishamo\source\repos\夢現超激坂\main.cpp(130,19): warning C4244: '+=': 'double' から 'int' への変換です。データが失われる可能性があります。
C:\Users\Shishamo\source\repos\夢現超激坂\main.cpp(131,19): warning C4244: '-=': 'double' から 'int' への変換です。データが失われる可能性があります。
C:\Users\Shishamo\source\repos\夢現超激坂\main.cpp(134,19): warning C4244: '-=': 'double' から 'int' への変換です。データが失われる可能性があります。
C:\Users\Shishamo\source\repos\夢現超激坂\main.cpp(135,19): warning C4244: '-=': 'double' から 'int' への変換です。データが失われる可能性があります。
C:\Users\Shishamo\source\repos\夢現超激坂\main.cpp(138,19): warning C4244: '+=': 'double' から 'int' への変換です。データが失われる可能性があります。
C:\Users\Shishamo\source\repos\夢現超激坂\main.cpp(139,19): warning C4244: '+=': 'double' から 'int' への変換です。データが失われる可能性があります。
C:\Users\Shishamo\source\repos\夢現超激坂\main.cpp(142,19): warning C4244: '-=': 'double' から 'int' への変換です。データが失われる可能性があります。
C:\Users\Shishamo\source\repos\夢現超激坂\main.cpp(143,19): warning C4244: '+=': 'double' から 'int' への変換です。データが失われる可能性があります。
C:\Users\Shishamo\source\repos\夢現超激坂\main.cpp(278,82): warning C4244: '=': 'double' から 'float' への変換です。データが失われる可能性があります。
C:\Users\Shishamo\source\repos\夢現超激坂\main.cpp(279,17): warning C4244: '=': 'double' から 'float' への変換です。データが失われる可能性があります。
C:\Users\Shishamo\source\repos\夢現超激坂\main.cpp(280,17): warning C4244: '=': 'double' から 'float' への変換です。データが失われる可能性があります。
C:\Users\Shishamo\source\repos\夢現超激坂\main.cpp(284,82): warning C4244: '=': 'double' から 'float' への変換です。データが失われる可能性があります。
C:\Users\Shishamo\source\repos\夢現超激坂\main.cpp(285,17): warning C4244: '=': 'double' から 'float' への変換です。データが失われる可能性があります。
C:\Users\Shishamo\source\repos\夢現超激坂\main.cpp(286,17): warning C4244: '=': 'double' から 'float' への変換です。データが失われる可能性があります。
C:\Users\Shishamo\source\repos\夢現超激坂\main.cpp(290,82): warning C4244: '=': 'double' から 'float' への変換です。データが失われる可能性があります。
C:\Users\Shishamo\source\repos\夢現超激坂\main.cpp(291,17): warning C4244: '=': 'double' から 'float' への変換です。データが失われる可能性があります。
C:\Users\Shishamo\source\repos\夢現超激坂\main.cpp(292,17): warning C4244: '=': 'double' から 'float' への変換です。データが失われる可能性があります。
C:\Users\Shishamo\source\repos\夢現超激坂\main.cpp(296,17): warning C4244: '=': 'double' から 'float' への変換です。データが失われる可能性があります。
C:\Users\Shishamo\source\repos\夢現超激坂\main.cpp(297,17): warning C4244: '=': 'double' から 'float' への変換です。データが失われる可能性があります。
C:\Users\Shishamo\source\repos\夢現超激坂\main.cpp(316,32): warning C4244: '引数': 'float' から 'int' への変換です。データが失われる可能性があります。
C:\Users\Shishamo\source\repos\夢現超激坂\main.cpp(316,24): warning C4244: '引数': 'float' から 'int' への変換です。データが失われる可能性があります。
C:\Users\Shishamo\source\repos\夢現超激坂\main.cpp(327,32): warning C4244: '引数': 'float' から 'int' への変換です。データが失われる可能性があります。
C:\Users\Shishamo\source\repos\夢現超激坂\main.cpp(327,24): warning C4244: '引数': 'float' から 'int' への変換です。データが失われる可能性があります。
C:\Users\Shishamo\source\repos\夢現超激坂\main.cpp(338,32): warning C4244: '引数': 'float' から 'int' への変換です。データが失われる可能性があります。
C:\Users\Shishamo\source\repos\夢現超激坂\main.cpp(338,24): warning C4244: '引数': 'float' から 'int' への変換です。データが失われる可能性があります。
C:\Users\Shishamo\source\repos\夢現超激坂\main.cpp(349,32): warning C4244: '引数': 'float' から 'int' への変換です。データが失われる可能性があります。
C:\Users\Shishamo\source\repos\夢現超激坂\main.cpp(349,24): warning C4244: '引数': 'float' から 'int' への変換です。データが失われる可能性があります。
C:\Users\Shishamo\source\repos\夢現超激坂\main.cpp(424,38): warning C4305: '引数': 'double' から 'float' へ切り詰めます。
C:\Users\Shishamo\source\repos\夢現超激坂\main.cpp(439,33): warning C4244: '引数': 'float' から 'int' への変換です。データが失われる可能性があります。
C:\Users\Shishamo\source\repos\夢現超激坂\main.cpp(439,26): warning C4244: '引数': 'float' から 'int' への変換です。データが失われる可能性があります。
C:\Users\Shishamo\source\repos\夢現超激坂\main.cpp(445,30): warning C4244: '引数': 'float' から 'int' への変換です。データが失われる可能性があります。
C:\Users\Shishamo\source\repos\夢現超激坂\main.cpp(445,22): warning C4244: '引数': 'float' から 'int' への変換です。データが失われる可能性があります。
C:\Users\Shishamo\source\repos\夢現超激坂\main.cpp(461,34): warning C4244: '引数': 'float' から 'int' への変換です。データが失われる可能性があります。
C:\Users\Shishamo\source\repos\夢現超激坂\main.cpp(461,26): warning C4244: '引数': 'float' から 'int' への変換です。データが失われる可能性があります。
C:\Users\Shishamo\source\repos\夢現超激坂\main.cpp(467,30): warning C4244: '引数': 'float' から 'int' への変換です。データが失われる可能性があります。
C:\Users\Shishamo\source\repos\夢現超激坂\main.cpp(467,22): warning C4244: '引数': 'float' から 'int' への変換です。データが失われる可能性があります。
C:\Users\Shishamo\source\repos\夢現超激坂\main.cpp(483,34): warning C4244: '引数': 'float' から 'int' への変換です。データが失われる可能性があります。
C:\Users\Shishamo\source\repos\夢現超激坂\main.cpp(483,26): warning C4244: '引数': 'float' から 'int' への変換です。データが失われる可能性があります。
C:\Users\Shishamo\source\repos\夢現超激坂\main.cpp(489,30): warning C4244: '引数': 'float' から 'int' への変換です。データが失われる可能性があります。
C:\Users\Shishamo\source\repos\夢現超激坂\main.cpp(489,22): warning C4244: '引数': 'float' から 'int' への変換です。データが失われる可能性があります。
C:\Users\Shishamo\source\repos\夢現超激坂\main.cpp(505,34): warning C4244: '引数': 'float' から 'int' への変換です。データが失われる可能性があります。
C:\Users\Shishamo\source\repos\夢現超激坂\main.cpp(505,26): warning C4244: '引数': 'float' から 'int' への変換です。データが失われる可能性があります。
C:\Users\Shishamo\source\repos\夢現超激坂\main.cpp(511,30): warning C4244: '引数': 'float' から 'int' への変換です。データが失われる可能性があります。
C:\Users\Shishamo\source\repos\夢現超激坂\main.cpp(511,22): warning C4244: '引数': 'float' から 'int' への変換です。データが失われる可能性があります。
C:\Users\Shishamo\source\repos\夢現超激坂\main.cpp(518,24): warning C4244: '=': 'double' から 'float' への変換です。データが失われる可能性があります。
C:\Users\Shishamo\source\repos\夢現超激坂\main.cpp(529,34): warning C4244: '引数': 'float' から 'int' への変換です。データが失われる可能性があります。
C:\Users\Shishamo\source\repos\夢現超激坂\main.cpp(529,26): warning C4244: '引数': 'float' から 'int' への変換です。データが失われる可能性があります。
C:\Users\Shishamo\source\repos\夢現超激坂\main.cpp(535,30): warning C4244: '引数': 'float' から 'int' への変換です。データが失われる可能性があります。
C:\Users\Shishamo\source\repos\夢現超激坂\main.cpp(535,22): warning C4244: '引数': 'float' から 'int' への変換です。データが失われる可能性があります。
C:\Users\Shishamo\source\repos\夢現超激坂\main.cpp(542,24): warning C4244: '=': 'double' から 'float' への変換です。データが失われる可能性があります。
C:\Users\Shishamo\source\repos\夢現超激坂\main.cpp(553,34): warning C4244: '引数': 'float' から 'int' への変換です。データが失われる可能性があります。
C:\Users\Shishamo\source\repos\夢現超激坂\main.cpp(553,26): warning C4244: '引数': 'float' から 'int' への変換です。データが失われる可能性があります。
C:\Users\Shishamo\source\repos\夢現超激坂\main.cpp(559,30): warning C4244: '引数': 'float' から 'int' への変換です。データが失われる可能性があります。
C:\Users\Shishamo\source\repos\夢現超激坂\main.cpp(559,22): warning C4244: '引数': 'float' から 'int' への変換です。データが失われる可能性があります。
C:\Users\Shishamo\source\repos\夢現超激坂\main.cpp(566,25): warning C4244: '=': 'double' から 'float' への変換です。データが失われる可能性があります。
C:\Users\Shishamo\source\repos\夢現超激坂\main.cpp(577,34): warning C4244: '引数': 'float' から 'int' への変換です。データが失われる可能性があります。
C:\Users\Shishamo\source\repos\夢現超激坂\main.cpp(577,26): warning C4244: '引数': 'float' から 'int' への変換です。データが失われる可能性があります。
C:\Users\Shishamo\source\repos\夢現超激坂\main.cpp(583,30): warning C4244: '引数': 'float' から 'int' への変換です。データが失われる可能性があります。
C:\Users\Shishamo\source\repos\夢現超激坂\main.cpp(583,22): warning C4244: '引数': 'float' から 'int' への変換です。データが失われる可能性があります。
C:\Users\Shishamo\source\repos\夢現超激坂\main.cpp(590,25): warning C4244: '=': 'double' から 'float' への変換です。データが失われる可能性があります。
C:\Users\Shishamo\source\repos\夢現超激坂\main.cpp(601,34): warning C4244: '引数': 'float' から 'int' への変換です。データが失われる可能性があります。
C:\Users\Shishamo\source\repos\夢現超激坂\main.cpp(601,26): warning C4244: '引数': 'float' から 'int' への変換です。データが失われる可能性があります。
C:\Users\Shishamo\source\repos\夢現超激坂\main.cpp(607,30): warning C4244: '引数': 'float' から 'int' への変換です。データが失われる可能性があります。
C:\Users\Shishamo\source\repos\夢現超激坂\main.cpp(607,22): warning C4244: '引数': 'float' から 'int' への変換です。データが失われる可能性があります。
  夢現超激坂.vcxproj -> C:\Users\Shishamo\source\repos\夢現超激坂\Debug\夢現超激坂.exe
